::1 - - [26/Feb/2020:16:32:58 +0000] "POST / HTTP/1.1" 404 140 "-" "PostmanRuntime/7.22.0"
::1 - - [26/Feb/2020:16:33:28 +0000] "POST /graphql HTTP/1.1" 200 41 "-" "PostmanRuntime/7.22.0"
::1 - - [26/Feb/2020:16:33:47 +0000] "POST /graphql HTTP/1.1" 200 55 "-" "PostmanRuntime/7.22.0"
::1 - - [27/Feb/2020:16:32:13 +0000] "GET /graphql HTTP/1.1" 400 53 "-" "Mozilla/5.0 (Windows NT 10.0; Win64; x64) AppleWebKit/537.36 (KHTML, like Gecko) Chrome/80.0.3987.122 Safari/537.36"
::1 - - [27/Feb/2020:16:32:13 +0000] "GET /favicon.ico HTTP/1.1" 404 150 "http://localhost:3000/graphql" "Mozilla/5.0 (Windows NT 10.0; Win64; x64) AppleWebKit/537.36 (KHTML, like Gecko) Chrome/80.0.3987.122 Safari/537.36"
::1 - - [27/Feb/2020:16:32:46 +0000] "GET /graphql HTTP/1.1" 200 - "-" "Mozilla/5.0 (Windows NT 10.0; Win64; x64) AppleWebKit/537.36 (KHTML, like Gecko) Chrome/80.0.3987.122 Safari/537.36"
::1 - - [27/Feb/2020:16:32:46 +0000] "POST /graphql? HTTP/1.1" 500 97 "http://localhost:3000/" "Mozilla/5.0 (Windows NT 10.0; Win64; x64) AppleWebKit/537.36 (KHTML, like Gecko) Chrome/80.0.3987.122 Safari/537.36"
::1 - - [27/Feb/2020:16:32:46 +0000] "POST /graphql? HTTP/1.1" 500 97 "http://localhost:3000/" "Mozilla/5.0 (Windows NT 10.0; Win64; x64) AppleWebKit/537.36 (KHTML, like Gecko) Chrome/80.0.3987.122 Safari/537.36"
::1 - - [27/Feb/2020:16:38:06 +0000] "POST /graphql? HTTP/1.1" 500 97 "http://localhost:3000/" "Mozilla/5.0 (Windows NT 10.0; Win64; x64) AppleWebKit/537.36 (KHTML, like Gecko) Chrome/80.0.3987.122 Safari/537.36"
::1 - - [27/Feb/2020:16:38:09 +0000] "POST /graphql? HTTP/1.1" 500 97 "http://localhost:3000/" "Mozilla/5.0 (Windows NT 10.0; Win64; x64) AppleWebKit/537.36 (KHTML, like Gecko) Chrome/80.0.3987.122 Safari/537.36"
::1 - - [27/Feb/2020:16:38:52 +0000] "POST /graphql? HTTP/1.1" 500 97 "http://localhost:3000/" "Mozilla/5.0 (Windows NT 10.0; Win64; x64) AppleWebKit/537.36 (KHTML, like Gecko) Chrome/80.0.3987.122 Safari/537.36"
::1 - - [27/Feb/2020:16:43:49 +0000] "GET /graphql HTTP/1.1" 200 - "-" "Mozilla/5.0 (Windows NT 10.0; Win64; x64) AppleWebKit/537.36 (KHTML, like Gecko) Chrome/80.0.3987.122 Safari/537.36"
::1 - - [27/Feb/2020:16:43:50 +0000] "POST /graphql? HTTP/1.1" 200 - "http://localhost:3000/" "Mozilla/5.0 (Windows NT 10.0; Win64; x64) AppleWebKit/537.36 (KHTML, like Gecko) Chrome/80.0.3987.122 Safari/537.36"
::1 - - [27/Feb/2020:16:43:55 +0000] "POST /graphql? HTTP/1.1" 500 121 "http://localhost:3000/" "Mozilla/5.0 (Windows NT 10.0; Win64; x64) AppleWebKit/537.36 (KHTML, like Gecko) Chrome/80.0.3987.122 Safari/537.36"
::1 - - [27/Feb/2020:16:45:00 +0000] "GET /graphql?query=%23%20Welcome%20to%20GraphiQL%0A%23%0A%23%20GraphiQL%20is%20an%20in-browser%20tool%20for%20writing%2C%20validating%2C%20and%0A%23%20testing%20GraphQL%20queries.%0A%23%0A%23%20Type%20queries%20into%20this%20side%20of%20the%20screen%2C%20and%20you%20will%20see%20intelligent%0A%23%20typeaheads%20aware%20of%20the%20current%20GraphQL%20type%20schema%20and%20live%20syntax%20and%0A%23%20validation%20errors%20highlighted%20within%20the%20text.%0A%23%0A%23%20GraphQL%20queries%20typically%20start%20with%20a%20%22%7B%22%20character.%20Lines%20that%20starts%0A%23%20with%20a%20%23%20are%20ignored.%0A%23%0A%23%20An%20example%20GraphQL%20query%20might%20look%20like%3A%0A%23%0A%23%20%20%20%20%20%7B%0A%23%20%20%20%20%20%20%20field(arg%3A%20%22value%22)%20%7B%0A%23%20%20%20%20%20%20%20%20%20subField%0A%23%20%20%20%20%20%20%20%7D%0A%23%20%20%20%20%20%7D%0A%23%0A%23%20Keyboard%20shortcuts%3A%0A%23%0A%23%20%20Prettify%20Query%3A%20%20Shift-Ctrl-P%20(or%20press%20the%20prettify%20button%20above)%0A%23%0A%23%20%20%20%20%20Merge%20Query%3A%20%20Shift-Ctrl-M%20(or%20press%20the%20merge%20button%20above)%0A%23%0A%23%20%20%20%20%20%20%20Run%20Query%3A%20%20Ctrl-Enter%20(or%20press%20the%20play%20button%20above)%0A%23%0A%23%20%20%20Auto%20Complete%3A%20%20Ctrl-Space%20(or%20just%20start%20typing)%0A%23%0A%0Amutation%20%7B%0A%20%20createUser(userInput%3A%7B%0A%20%20%20%20email%3A%22test%40test.com%22%2C%0A%20%20%20%20firstName%3A%22Testname%22%2C%0A%20%20%20%20lastName%3A%22testName2%22%2C%0A%20%20%20%20password%3A%22password%22%0A%20%20%7D)%7B%0A%20%20%20%20_id%0A%20%20%20%20email%0A%20%20%7D%0A%7D HTTP/1.1" 200 - "-" "Mozilla/5.0 (Windows NT 10.0; Win64; x64) AppleWebKit/537.36 (KHTML, like Gecko) Chrome/80.0.3987.122 Safari/537.36"
::1 - - [27/Feb/2020:16:45:01 +0000] "POST /graphql? HTTP/1.1" 200 - "http://localhost:3000/" "Mozilla/5.0 (Windows NT 10.0; Win64; x64) AppleWebKit/537.36 (KHTML, like Gecko) Chrome/80.0.3987.122 Safari/537.36"
::1 - - [27/Feb/2020:16:45:13 +0000] "POST /graphql? HTTP/1.1" 200 - "http://localhost:3000/" "Mozilla/5.0 (Windows NT 10.0; Win64; x64) AppleWebKit/537.36 (KHTML, like Gecko) Chrome/80.0.3987.122 Safari/537.36"
::1 - - [27/Feb/2020:16:46:28 +0000] "POST /graphql? HTTP/1.1" 500 121 "http://localhost:3000/" "Mozilla/5.0 (Windows NT 10.0; Win64; x64) AppleWebKit/537.36 (KHTML, like Gecko) Chrome/80.0.3987.122 Safari/537.36"
::1 - - [27/Feb/2020:16:49:05 +0000] "POST /graphql? HTTP/1.1" 500 121 "http://localhost:3000/" "Mozilla/5.0 (Windows NT 10.0; Win64; x64) AppleWebKit/537.36 (KHTML, like Gecko) Chrome/80.0.3987.122 Safari/537.36"
::1 - - [27/Feb/2020:16:49:31 +0000] "GET /graphql HTTP/1.1" 200 - "-" "Mozilla/5.0 (Windows NT 10.0; Win64; x64) AppleWebKit/537.36 (KHTML, like Gecko) Chrome/80.0.3987.122 Safari/537.36"
::1 - - [27/Feb/2020:16:49:32 +0000] "POST /graphql? HTTP/1.1" 200 - "http://localhost:3000/" "Mozilla/5.0 (Windows NT 10.0; Win64; x64) AppleWebKit/537.36 (KHTML, like Gecko) Chrome/80.0.3987.122 Safari/537.36"
::1 - - [27/Feb/2020:16:49:36 +0000] "POST /graphql? HTTP/1.1" 500 121 "http://localhost:3000/" "Mozilla/5.0 (Windows NT 10.0; Win64; x64) AppleWebKit/537.36 (KHTML, like Gecko) Chrome/80.0.3987.122 Safari/537.36"
::1 - - [27/Feb/2020:16:49:59 +0000] "POST /graphql? HTTP/1.1" 500 121 "http://localhost:3000/" "Mozilla/5.0 (Windows NT 10.0; Win64; x64) AppleWebKit/537.36 (KHTML, like Gecko) Chrome/80.0.3987.122 Safari/537.36"
::1 - - [27/Feb/2020:16:50:16 +0000] "POST /graphql? HTTP/1.1" 500 121 "http://localhost:3000/" "Mozilla/5.0 (Windows NT 10.0; Win64; x64) AppleWebKit/537.36 (KHTML, like Gecko) Chrome/80.0.3987.122 Safari/537.36"
::1 - - [27/Feb/2020:16:50:48 +0000] "POST /graphql? HTTP/1.1" 400 136 "http://localhost:3000/" "Mozilla/5.0 (Windows NT 10.0; Win64; x64) AppleWebKit/537.36 (KHTML, like Gecko) Chrome/80.0.3987.122 Safari/537.36"
::1 - - [27/Feb/2020:16:51:04 +0000] "POST /graphql? HTTP/1.1" 500 121 "http://localhost:3000/" "Mozilla/5.0 (Windows NT 10.0; Win64; x64) AppleWebKit/537.36 (KHTML, like Gecko) Chrome/80.0.3987.122 Safari/537.36"
::1 - - [27/Feb/2020:16:51:31 +0000] "POST /graphql? HTTP/1.1" 500 121 "http://localhost:3000/" "Mozilla/5.0 (Windows NT 10.0; Win64; x64) AppleWebKit/537.36 (KHTML, like Gecko) Chrome/80.0.3987.122 Safari/537.36"
::1 - - [27/Feb/2020:16:53:11 +0000] "POST /graphql? HTTP/1.1" 500 121 "http://localhost:3000/" "Mozilla/5.0 (Windows NT 10.0; Win64; x64) AppleWebKit/537.36 (KHTML, like Gecko) Chrome/80.0.3987.122 Safari/537.36"
::1 - - [27/Feb/2020:16:54:34 +0000] "POST /graphql? HTTP/1.1" 500 121 "http://localhost:3000/" "Mozilla/5.0 (Windows NT 10.0; Win64; x64) AppleWebKit/537.36 (KHTML, like Gecko) Chrome/80.0.3987.122 Safari/537.36"
::1 - - [27/Feb/2020:16:54:34 +0000] "POST /graphql? HTTP/1.1" 500 121 "http://localhost:3000/" "Mozilla/5.0 (Windows NT 10.0; Win64; x64) AppleWebKit/537.36 (KHTML, like Gecko) Chrome/80.0.3987.122 Safari/537.36"
::1 - - [27/Feb/2020:16:55:05 +0000] "POST /graphql? HTTP/1.1" 500 121 "http://localhost:3000/" "Mozilla/5.0 (Windows NT 10.0; Win64; x64) AppleWebKit/537.36 (KHTML, like Gecko) Chrome/80.0.3987.122 Safari/537.36"
::1 - - [27/Feb/2020:16:55:06 +0000] "POST /graphql? HTTP/1.1" 500 121 "http://localhost:3000/" "Mozilla/5.0 (Windows NT 10.0; Win64; x64) AppleWebKit/537.36 (KHTML, like Gecko) Chrome/80.0.3987.122 Safari/537.36"
::1 - - [27/Feb/2020:16:56:47 +0000] "POST /graphql? HTTP/1.1" 500 121 "http://localhost:3000/" "Mozilla/5.0 (Windows NT 10.0; Win64; x64) AppleWebKit/537.36 (KHTML, like Gecko) Chrome/80.0.3987.122 Safari/537.36"
::1 - - [27/Feb/2020:16:58:34 +0000] "POST /graphql? HTTP/1.1" 500 121 "http://localhost:3000/" "Mozilla/5.0 (Windows NT 10.0; Win64; x64) AppleWebKit/537.36 (KHTML, like Gecko) Chrome/80.0.3987.122 Safari/537.36"
::1 - - [27/Feb/2020:16:59:51 +0000] "POST /graphql? HTTP/1.1" 500 120 "http://localhost:3000/" "Mozilla/5.0 (Windows NT 10.0; Win64; x64) AppleWebKit/537.36 (KHTML, like Gecko) Chrome/80.0.3987.122 Safari/537.36"
::1 - - [27/Feb/2020:17:00:07 +0000] "POST /graphql? HTTP/1.1" 400 91 "http://localhost:3000/" "Mozilla/5.0 (Windows NT 10.0; Win64; x64) AppleWebKit/537.36 (KHTML, like Gecko) Chrome/80.0.3987.122 Safari/537.36"
::1 - - [27/Feb/2020:17:00:13 +0000] "POST /graphql? HTTP/1.1" 400 96 "http://localhost:3000/" "Mozilla/5.0 (Windows NT 10.0; Win64; x64) AppleWebKit/537.36 (KHTML, like Gecko) Chrome/80.0.3987.122 Safari/537.36"
::1 - - [27/Feb/2020:17:00:13 +0000] "POST /graphql? HTTP/1.1" 400 96 "http://localhost:3000/" "Mozilla/5.0 (Windows NT 10.0; Win64; x64) AppleWebKit/537.36 (KHTML, like Gecko) Chrome/80.0.3987.122 Safari/537.36"
::1 - - [27/Feb/2020:17:00:27 +0000] "POST /graphql? HTTP/1.1" 500 120 "http://localhost:3000/" "Mozilla/5.0 (Windows NT 10.0; Win64; x64) AppleWebKit/537.36 (KHTML, like Gecko) Chrome/80.0.3987.122 Safari/537.36"
::ffff:127.0.0.1 - - [27/Feb/2020:17:02:49 +0000] "POST /graphql? HTTP/1.1" 500 120 "http://localhost:3000/" "Mozilla/5.0 (Windows NT 10.0; Win64; x64) AppleWebKit/537.36 (KHTML, like Gecko) Chrome/80.0.3987.122 Safari/537.36"
::ffff:127.0.0.1 - - [27/Feb/2020:17:02:55 +0000] "POST /graphql? HTTP/1.1" 500 120 "http://localhost:3000/" "Mozilla/5.0 (Windows NT 10.0; Win64; x64) AppleWebKit/537.36 (KHTML, like Gecko) Chrome/80.0.3987.122 Safari/537.36"
::1 - - [27/Feb/2020:17:03:54 +0000] "POST /graphql? HTTP/1.1" 200 82 "http://localhost:3000/" "Mozilla/5.0 (Windows NT 10.0; Win64; x64) AppleWebKit/537.36 (KHTML, like Gecko) Chrome/80.0.3987.122 Safari/537.36"
::1 - - [27/Feb/2020:17:05:32 +0000] "POST /graphql? HTTP/1.1" 500 117 "http://localhost:3000/" "Mozilla/5.0 (Windows NT 10.0; Win64; x64) AppleWebKit/537.36 (KHTML, like Gecko) Chrome/80.0.3987.122 Safari/537.36"
::1 - - [27/Feb/2020:17:06:39 +0000] "POST /graphql? HTTP/1.1" 500 117 "http://localhost:3000/" "Mozilla/5.0 (Windows NT 10.0; Win64; x64) AppleWebKit/537.36 (KHTML, like Gecko) Chrome/80.0.3987.122 Safari/537.36"
::1 - - [27/Feb/2020:17:06:57 +0000] "POST /graphql? HTTP/1.1" 200 83 "http://localhost:3000/" "Mozilla/5.0 (Windows NT 10.0; Win64; x64) AppleWebKit/537.36 (KHTML, like Gecko) Chrome/80.0.3987.122 Safari/537.36"
::1 - - [27/Feb/2020:17:08:00 +0000] "POST /graphql? HTTP/1.1" 500 117 "http://localhost:3000/" "Mozilla/5.0 (Windows NT 10.0; Win64; x64) AppleWebKit/537.36 (KHTML, like Gecko) Chrome/80.0.3987.122 Safari/537.36"
::1 - - [27/Feb/2020:17:21:01 +0000] "POST /graphql? HTTP/1.1" 500 111 "http://localhost:3000/" "Mozilla/5.0 (Windows NT 10.0; Win64; x64) AppleWebKit/537.36 (KHTML, like Gecko) Chrome/80.0.3987.122 Safari/537.36"
::1 - - [27/Feb/2020:17:26:02 +0000] "POST /graphql? HTTP/1.1" 500 66 "http://localhost:3000/" "Mozilla/5.0 (Windows NT 10.0; Win64; x64) AppleWebKit/537.36 (KHTML, like Gecko) Chrome/80.0.3987.122 Safari/537.36"
::1 - - [28/Feb/2020:17:03:17 +0000] "OPTIONS /graphql HTTP/1.1" 204 0 "http://localhost:8080/signup" "Mozilla/5.0 (Windows NT 10.0; Win64; x64) AppleWebKit/537.36 (KHTML, like Gecko) Chrome/80.0.3987.122 Safari/537.36"
::1 - - [28/Feb/2020:17:03:17 +0000] "POST /graphql HTTP/1.1" 400 53 "http://localhost:8080/signup" "Mozilla/5.0 (Windows NT 10.0; Win64; x64) AppleWebKit/537.36 (KHTML, like Gecko) Chrome/80.0.3987.122 Safari/537.36"
::1 - - [28/Feb/2020:17:16:34 +0000] "OPTIONS /graphql HTTP/1.1" 204 0 "http://localhost:8080/signup" "Mozilla/5.0 (Windows NT 10.0; Win64; x64) AppleWebKit/537.36 (KHTML, like Gecko) Chrome/80.0.3987.122 Safari/537.36"
::1 - - [28/Feb/2020:17:16:34 +0000] "POST /graphql HTTP/1.1" 400 53 "http://localhost:8080/signup" "Mozilla/5.0 (Windows NT 10.0; Win64; x64) AppleWebKit/537.36 (KHTML, like Gecko) Chrome/80.0.3987.122 Safari/537.36"
::1 - - [28/Feb/2020:17:19:08 +0000] "OPTIONS /graphql HTTP/1.1" 204 0 "http://localhost:8080/signup" "Mozilla/5.0 (Windows NT 10.0; Win64; x64) AppleWebKit/537.36 (KHTML, like Gecko) Chrome/80.0.3987.122 Safari/537.36"
::1 - - [28/Feb/2020:17:19:08 +0000] "POST /graphql HTTP/1.1" 400 53 "http://localhost:8080/signup" "Mozilla/5.0 (Windows NT 10.0; Win64; x64) AppleWebKit/537.36 (KHTML, like Gecko) Chrome/80.0.3987.122 Safari/537.36"
::1 - - [28/Feb/2020:17:20:45 +0000] "OPTIONS /graphql HTTP/1.1" 204 0 "http://localhost:8080/signup" "Mozilla/5.0 (Windows NT 10.0; Win64; x64) AppleWebKit/537.36 (KHTML, like Gecko) Chrome/80.0.3987.122 Safari/537.36"
::1 - - [28/Feb/2020:17:20:45 +0000] "POST /graphql HTTP/1.1" 400 53 "http://localhost:8080/signup" "Mozilla/5.0 (Windows NT 10.0; Win64; x64) AppleWebKit/537.36 (KHTML, like Gecko) Chrome/80.0.3987.122 Safari/537.36"
::1 - - [28/Feb/2020:17:24:46 +0000] "OPTIONS /graphql HTTP/1.1" 200 2 "http://localhost:8080/signup" "Mozilla/5.0 (Windows NT 10.0; Win64; x64) AppleWebKit/537.36 (KHTML, like Gecko) Chrome/80.0.3987.122 Safari/537.36"
::1 - - [28/Feb/2020:17:28:52 +0000] "OPTIONS /graphql HTTP/1.1" 204 0 "http://localhost:8080/signup" "Mozilla/5.0 (Windows NT 10.0; Win64; x64) AppleWebKit/537.36 (KHTML, like Gecko) Chrome/80.0.3987.122 Safari/537.36"
::1 - - [28/Feb/2020:17:28:52 +0000] "POST /graphql HTTP/1.1" 400 53 "http://localhost:8080/signup" "Mozilla/5.0 (Windows NT 10.0; Win64; x64) AppleWebKit/537.36 (KHTML, like Gecko) Chrome/80.0.3987.122 Safari/537.36"
::1 - - [28/Feb/2020:17:28:59 +0000] "OPTIONS /graphql HTTP/1.1" 204 0 "http://localhost:8080/signup" "Mozilla/5.0 (Windows NT 10.0; Win64; x64) AppleWebKit/537.36 (KHTML, like Gecko) Chrome/80.0.3987.122 Safari/537.36"
::1 - - [28/Feb/2020:17:28:59 +0000] "POST /graphql HTTP/1.1" 400 53 "http://localhost:8080/signup" "Mozilla/5.0 (Windows NT 10.0; Win64; x64) AppleWebKit/537.36 (KHTML, like Gecko) Chrome/80.0.3987.122 Safari/537.36"
::1 - - [28/Feb/2020:17:29:02 +0000] "POST /graphql HTTP/1.1" 400 53 "http://localhost:8080/signup" "Mozilla/5.0 (Windows NT 10.0; Win64; x64) AppleWebKit/537.36 (KHTML, like Gecko) Chrome/80.0.3987.122 Safari/537.36"
::1 - - [28/Feb/2020:17:31:29 +0000] "OPTIONS /graphql HTTP/1.1" 204 0 "http://localhost:8080/signup" "Mozilla/5.0 (Windows NT 10.0; Win64; x64) AppleWebKit/537.36 (KHTML, like Gecko) Chrome/80.0.3987.122 Safari/537.36"
::1 - - [28/Feb/2020:17:31:29 +0000] "POST /graphql HTTP/1.1" 400 53 "http://localhost:8080/signup" "Mozilla/5.0 (Windows NT 10.0; Win64; x64) AppleWebKit/537.36 (KHTML, like Gecko) Chrome/80.0.3987.122 Safari/537.36"
::1 - - [28/Feb/2020:17:31:41 +0000] "OPTIONS /graphql HTTP/1.1" 204 0 "http://localhost:8080/signup" "Mozilla/5.0 (Windows NT 10.0; Win64; x64) AppleWebKit/537.36 (KHTML, like Gecko) Chrome/80.0.3987.122 Safari/537.36"
::1 - - [28/Feb/2020:17:31:41 +0000] "POST /graphql HTTP/1.1" 400 53 "http://localhost:8080/signup" "Mozilla/5.0 (Windows NT 10.0; Win64; x64) AppleWebKit/537.36 (KHTML, like Gecko) Chrome/80.0.3987.122 Safari/537.36"
::1 - - [28/Feb/2020:17:41:52 +0000] "OPTIONS /graphql HTTP/1.1" 204 0 "http://localhost:8080/signup" "Mozilla/5.0 (Windows NT 10.0; Win64; x64) AppleWebKit/537.36 (KHTML, like Gecko) Chrome/80.0.3987.122 Safari/537.36"
::1 - - [28/Feb/2020:17:41:52 +0000] "POST /graphql HTTP/1.1" 500 66 "http://localhost:8080/signup" "Mozilla/5.0 (Windows NT 10.0; Win64; x64) AppleWebKit/537.36 (KHTML, like Gecko) Chrome/80.0.3987.122 Safari/537.36"
::1 - - [28/Feb/2020:17:42:12 +0000] "OPTIONS /graphql HTTP/1.1" 204 0 "http://localhost:8080/signup" "Mozilla/5.0 (Windows NT 10.0; Win64; x64) AppleWebKit/537.36 (KHTML, like Gecko) Chrome/80.0.3987.122 Safari/537.36"
::1 - - [28/Feb/2020:17:42:14 +0000] "POST /graphql HTTP/1.1" 200 90 "http://localhost:8080/signup" "Mozilla/5.0 (Windows NT 10.0; Win64; x64) AppleWebKit/537.36 (KHTML, like Gecko) Chrome/80.0.3987.122 Safari/537.36"
::1 - - [29/Feb/2020:16:13:32 +0000] "OPTIONS /graphql HTTP/1.1" 204 0 "http://localhost:8080/login" "Mozilla/5.0 (Windows NT 10.0; Win64; x64) AppleWebKit/537.36 (KHTML, like Gecko) Chrome/80.0.3987.122 Safari/537.36"
::1 - - [29/Feb/2020:16:13:32 +0000] "POST /graphql HTTP/1.1" 400 121 "http://localhost:8080/login" "Mozilla/5.0 (Windows NT 10.0; Win64; x64) AppleWebKit/537.36 (KHTML, like Gecko) Chrome/80.0.3987.122 Safari/537.36"
::1 - - [29/Feb/2020:16:13:48 +0000] "OPTIONS /graphql HTTP/1.1" 204 0 "http://localhost:8080/login" "Mozilla/5.0 (Windows NT 10.0; Win64; x64) AppleWebKit/537.36 (KHTML, like Gecko) Chrome/80.0.3987.122 Safari/537.36"
::1 - - [29/Feb/2020:16:13:48 +0000] "POST /graphql HTTP/1.1" 400 121 "http://localhost:8080/login" "Mozilla/5.0 (Windows NT 10.0; Win64; x64) AppleWebKit/537.36 (KHTML, like Gecko) Chrome/80.0.3987.122 Safari/537.36"
::1 - - [29/Feb/2020:16:14:28 +0000] "OPTIONS /graphql HTTP/1.1" 204 0 "http://localhost:8080/login" "Mozilla/5.0 (Windows NT 10.0; Win64; x64) AppleWebKit/537.36 (KHTML, like Gecko) Chrome/80.0.3987.122 Safari/537.36"
::1 - - [29/Feb/2020:16:14:28 +0000] "POST /graphql HTTP/1.1" 400 121 "http://localhost:8080/login" "Mozilla/5.0 (Windows NT 10.0; Win64; x64) AppleWebKit/537.36 (KHTML, like Gecko) Chrome/80.0.3987.122 Safari/537.36"
::1 - - [29/Feb/2020:16:16:57 +0000] "OPTIONS /graphql HTTP/1.1" 204 0 "http://localhost:8080/login" "Mozilla/5.0 (Windows NT 10.0; Win64; x64) AppleWebKit/537.36 (KHTML, like Gecko) Chrome/80.0.3987.122 Safari/537.36"
::1 - - [29/Feb/2020:16:16:57 +0000] "POST /graphql HTTP/1.1" 400 121 "http://localhost:8080/login" "Mozilla/5.0 (Windows NT 10.0; Win64; x64) AppleWebKit/537.36 (KHTML, like Gecko) Chrome/80.0.3987.122 Safari/537.36"
::1 - - [29/Feb/2020:16:17:01 +0000] "POST /graphql HTTP/1.1" 400 121 "http://localhost:8080/login" "Mozilla/5.0 (Windows NT 10.0; Win64; x64) AppleWebKit/537.36 (KHTML, like Gecko) Chrome/80.0.3987.122 Safari/537.36"
::1 - - [29/Feb/2020:16:19:18 +0000] "OPTIONS /graphql HTTP/1.1" 204 0 "http://localhost:8080/login" "Mozilla/5.0 (Windows NT 10.0; Win64; x64) AppleWebKit/537.36 (KHTML, like Gecko) Chrome/80.0.3987.122 Safari/537.36"
::1 - - [29/Feb/2020:16:19:20 +0000] "POST /graphql HTTP/1.1" 200 283 "http://localhost:8080/login" "Mozilla/5.0 (Windows NT 10.0; Win64; x64) AppleWebKit/537.36 (KHTML, like Gecko) Chrome/80.0.3987.122 Safari/537.36"
::1 - - [29/Feb/2020:16:19:31 +0000] "OPTIONS /graphql HTTP/1.1" 204 0 "http://localhost:8080/login" "Mozilla/5.0 (Windows NT 10.0; Win64; x64) AppleWebKit/537.36 (KHTML, like Gecko) Chrome/80.0.3987.122 Safari/537.36"
::1 - - [29/Feb/2020:16:19:32 +0000] "POST /graphql HTTP/1.1" 200 283 "http://localhost:8080/login" "Mozilla/5.0 (Windows NT 10.0; Win64; x64) AppleWebKit/537.36 (KHTML, like Gecko) Chrome/80.0.3987.122 Safari/537.36"
::1 - - [29/Feb/2020:17:17:56 +0000] "GET /graphql HTTP/1.1" 200 - "-" "Mozilla/5.0 (Windows NT 10.0; Win64; x64) AppleWebKit/537.36 (KHTML, like Gecko) Chrome/80.0.3987.122 Safari/537.36"
::1 - - [29/Feb/2020:17:17:57 +0000] "POST /graphql? HTTP/1.1" 200 - "http://localhost:3000/" "Mozilla/5.0 (Windows NT 10.0; Win64; x64) AppleWebKit/537.36 (KHTML, like Gecko) Chrome/80.0.3987.122 Safari/537.36"
::1 - - [29/Feb/2020:17:17:57 +0000] "GET /favicon.ico HTTP/1.1" 404 150 "http://localhost:3000/" "Mozilla/5.0 (Windows NT 10.0; Win64; x64) AppleWebKit/537.36 (KHTML, like Gecko) Chrome/80.0.3987.122 Safari/537.36"
::1 - - [29/Feb/2020:17:18:06 +0000] "GET /graphql HTTP/1.1" 200 - "-" "Mozilla/5.0 (Windows NT 10.0; Win64; x64) AppleWebKit/537.36 (KHTML, like Gecko) Chrome/80.0.3987.122 Safari/537.36"
::1 - - [29/Feb/2020:17:18:06 +0000] "GET /favicon.ico HTTP/1.1" 404 150 "http://localhost:3000/" "Mozilla/5.0 (Windows NT 10.0; Win64; x64) AppleWebKit/537.36 (KHTML, like Gecko) Chrome/80.0.3987.122 Safari/537.36"
::1 - - [29/Feb/2020:17:18:06 +0000] "POST /graphql? HTTP/1.1" 200 - "http://localhost:3000/" "Mozilla/5.0 (Windows NT 10.0; Win64; x64) AppleWebKit/537.36 (KHTML, like Gecko) Chrome/80.0.3987.122 Safari/537.36"
::1 - - [29/Feb/2020:17:18:15 +0000] "POST /graphql? HTTP/1.1" 400 53 "http://localhost:3000/" "Mozilla/5.0 (Windows NT 10.0; Win64; x64) AppleWebKit/537.36 (KHTML, like Gecko) Chrome/80.0.3987.122 Safari/537.36"
::1 - - [29/Feb/2020:17:18:23 +0000] "GET /graphql HTTP/1.1" 200 - "-" "Mozilla/5.0 (Windows NT 10.0; Win64; x64) AppleWebKit/537.36 (KHTML, like Gecko) Chrome/80.0.3987.122 Safari/537.36"
::1 - - [29/Feb/2020:17:18:24 +0000] "POST /graphql? HTTP/1.1" 200 - "http://localhost:3000/" "Mozilla/5.0 (Windows NT 10.0; Win64; x64) AppleWebKit/537.36 (KHTML, like Gecko) Chrome/80.0.3987.122 Safari/537.36"
::1 - - [29/Feb/2020:17:22:45 +0000] "POST /graphql? HTTP/1.1" 500 112 "http://localhost:3000/" "Mozilla/5.0 (Windows NT 10.0; Win64; x64) AppleWebKit/537.36 (KHTML, like Gecko) Chrome/80.0.3987.122 Safari/537.36"
